# JRE version: Java(TM) SE Runtime Environment (24.0.2+12) (build 24.0.2+12-54)
# Java VM: Java HotSpot(TM) 64-Bit Server VM (24.0.2+12-54, mixed mode, sharing, tiered, compressed oops, compressed class ptrs, g1 gc, windows-amd64)
GC Precious Log:
 CardTable entry size: 512
 Card Set container configuration: InlinePtr #cards 4 size 8 Array Of Cards #cards 16 size 48 Howl #buckets 8 coarsen threshold 3686 Howl Bitmap #cards 512 size 80 coarsen threshold 460 Card regions per heap region 1 cards per card region 4096
 CPUs: 12 total, 12 available
 Memory: 15997M
 Large Page Support: Disabled
 NUMA Support: Disabled
 Compressed Oops: Enabled (Zero based)
 Heap Region Size: 2M
 Heap Min Capacity: 8M
 Heap Initial Capacity: 250M
 Heap Max Capacity: 4000M
 Pre-touch: Disabled
 Parallel Workers: 10
 Concurrent Workers: 3
 Concurrent Refinement Workers: 10
 Periodic GC: Disabled
Heap:
 garbage-first heap   total reserved 4096000K, committed 315392K, used 160406K [0x0000000706000000, 0x0000000800000000)
  region size 2048K, 24 young (49152K), 10 survivors (20480K)
 Metaspace       used 75900K, committed 76416K, reserved 1179648K
  class space    used 8674K, committed 8896K, reserved 1048576K
GC Heap History (20 events):
Event: 7.255 GC heap before
{Heap before GC invocations=21 (full 0):
 garbage-first heap   total reserved 4096000K, committed 88064K, used 69843K [0x0000000706000000, 0x0000000800000000)
  region size 2048K, 16 young (32768K), 1 survivors (2048K)
 Metaspace       used 67188K, committed 67712K, reserved 1114112K
  class space    used 7576K, committed 7808K, reserved 1048576K
}
Event: 7.258 GC heap after
{Heap after GC invocations=22 (full 0):
 garbage-first heap   total reserved 4096000K, committed 88064K, used 41515K [0x0000000706000000, 0x0000000800000000)
  region size 2048K, 2 young (4096K), 2 survivors (4096K)
 Metaspace       used 67188K, committed 67712K, reserved 1114112K
  class space    used 7576K, committed 7808K, reserved 1048576K
}
Event: 7.300 GC heap before
{Heap before GC invocations=22 (full 0):
 garbage-first heap   total reserved 4096000K, committed 88064K, used 74283K [0x0000000706000000, 0x0000000800000000)
  region size 2048K, 18 young (36864K), 2 survivors (4096K)
 Metaspace       used 67190K, committed 67712K, reserved 1114112K
  class space    used 7577K, committed 7808K, reserved 1048576K
}
Event: 7.306 GC heap after
{Heap after GC invocations=23 (full 0):
 garbage-first heap   total reserved 4096000K, committed 88064K, used 42659K [0x0000000706000000, 0x0000000800000000)
  region size 2048K, 3 young (6144K), 3 survivors (6144K)
 Metaspace       used 67190K, committed 67712K, reserved 1114112K
  class space    used 7577K, committed 7808K, reserved 1048576K
}
Event: 7.339 GC heap before
{Heap before GC invocations=23 (full 0):
 garbage-first heap   total reserved 4096000K, committed 88064K, used 73379K [0x0000000706000000, 0x0000000800000000)
  region size 2048K, 18 young (36864K), 3 survivors (6144K)
 Metaspace       used 67190K, committed 67712K, reserved 1114112K
  class space    used 7577K, committed 7808K, reserved 1048576K
}
Event: 7.344 GC heap after
{Heap after GC invocations=24 (full 0):
 garbage-first heap   total reserved 4096000K, committed 184320K, used 44837K [0x0000000706000000, 0x0000000800000000)
  region size 2048K, 1 young (2048K), 1 survivors (2048K)
 Metaspace       used 67190K, committed 67712K, reserved 1114112K
  class space    used 7577K, committed 7808K, reserved 1048576K
}
Event: 7.507 GC heap before
{Heap before GC invocations=25 (full 0):
 garbage-first heap   total reserved 4096000K, committed 151552K, used 132901K [0x0000000706000000, 0x0000000800000000)
  region size 2048K, 44 young (90112K), 1 survivors (2048K)
 Metaspace       used 67265K, committed 67776K, reserved 1114112K
  class space    used 7602K, committed 7808K, reserved 1048576K
}
Event: 7.510 GC heap after
{Heap after GC invocations=26 (full 0):
 garbage-first heap   total reserved 4096000K, committed 151552K, used 45547K [0x0000000706000000, 0x0000000800000000)
  region size 2048K, 2 young (4096K), 2 survivors (4096K)
 Metaspace       used 67265K, committed 67776K, reserved 1114112K
  class space    used 7602K, committed 7808K, reserved 1048576K
}
Event: 7.584 GC heap before
{Heap before GC invocations=26 (full 0):
 garbage-first heap   total reserved 4096000K, committed 151552K, used 111083K [0x0000000706000000, 0x0000000800000000)
  region size 2048K, 34 young (69632K), 2 survivors (4096K)
 Metaspace       used 67275K, committed 67776K, reserved 1114112K
  class space    used 7602K, committed 7808K, reserved 1048576K
}
Event: 7.591 GC heap after
{Heap after GC invocations=27 (full 0):
 garbage-first heap   total reserved 4096000K, committed 151552K, used 53241K [0x0000000706000000, 0x0000000800000000)
  region size 2048K, 5 young (10240K), 5 survivors (10240K)
 Metaspace       used 67275K, committed 67776K, reserved 1114112K
  class space    used 7602K, committed 7808K, reserved 1048576K
}
Event: 7.661 GC heap before
{Heap before GC invocations=27 (full 0):
 garbage-first heap   total reserved 4096000K, committed 151552K, used 116729K [0x0000000706000000, 0x0000000800000000)
  region size 2048K, 36 young (73728K), 5 survivors (10240K)
 Metaspace       used 67275K, committed 67776K, reserved 1114112K
  class space    used 7602K, committed 7808K, reserved 1048576K
}
Event: 7.677 GC heap after
{Heap after GC invocations=28 (full 0):
 garbage-first heap   total reserved 4096000K, committed 151552K, used 73226K [0x0000000706000000, 0x0000000800000000)
  region size 2048K, 5 young (10240K), 5 survivors (10240K)
 Metaspace       used 67275K, committed 67776K, reserved 1114112K
  class space    used 7602K, committed 7808K, reserved 1048576K
}
Event: 7.742 GC heap before
{Heap before GC invocations=29 (full 0):
 garbage-first heap   total reserved 4096000K, committed 151552K, used 120330K [0x0000000706000000, 0x0000000800000000)
  region size 2048K, 28 young (57344K), 5 survivors (10240K)
 Metaspace       used 67280K, committed 67776K, reserved 1114112K
  class space    used 7602K, committed 7808K, reserved 1048576K
}
Event: 7.752 GC heap after
{Heap after GC invocations=30 (full 0):
 garbage-first heap   total reserved 4096000K, committed 151552K, used 80008K [0x0000000706000000, 0x0000000800000000)
  region size 2048K, 3 young (6144K), 3 survivors (6144K)
 Metaspace       used 67280K, committed 67776K, reserved 1114112K
  class space    used 7602K, committed 7808K, reserved 1048576K
}
Event: 7.794 GC heap before
{Heap before GC invocations=30 (full 0):
 garbage-first heap   total reserved 4096000K, committed 151552K, used 123016K [0x0000000706000000, 0x0000000800000000)
  region size 2048K, 24 young (49152K), 3 survivors (6144K)
 Metaspace       used 67280K, committed 67776K, reserved 1114112K
  class space    used 7602K, committed 7808K, reserved 1048576K
}
Event: 7.808 GC heap after
{Heap after GC invocations=31 (full 0):
 garbage-first heap   total reserved 4096000K, committed 151552K, used 96157K [0x0000000706000000, 0x0000000800000000)
  region size 2048K, 3 young (6144K), 3 survivors (6144K)
 Metaspace       used 67280K, committed 67776K, reserved 1114112K
  class space    used 7602K, committed 7808K, reserved 1048576K
}
Event: 7.845 GC heap before
{Heap before GC invocations=31 (full 0):
 garbage-first heap   total reserved 4096000K, committed 151552K, used 126877K [0x0000000706000000, 0x0000000800000000)
  region size 2048K, 18 young (36864K), 3 survivors (6144K)
 Metaspace       used 67281K, committed 67776K, reserved 1114112K
  class space    used 7602K, committed 7808K, reserved 1048576K
}
Event: 7.855 GC heap after
{Heap after GC invocations=32 (full 0):
 garbage-first heap   total reserved 4096000K, committed 376832K, used 105622K [0x0000000706000000, 0x0000000800000000)
  region size 2048K, 3 young (6144K), 3 survivors (6144K)
 Metaspace       used 67281K, committed 67776K, reserved 1114112K
  class space    used 7602K, committed 7808K, reserved 1048576K
}
Event: 56.647 GC heap before
{Heap before GC invocations=33 (full 0):
 garbage-first heap   total reserved 4096000K, committed 315392K, used 242838K [0x0000000706000000, 0x0000000800000000)
  region size 2048K, 76 young (155648K), 3 survivors (6144K)
 Metaspace       used 72256K, committed 72768K, reserved 1114112K
  class space    used 8213K, committed 8448K, reserved 1048576K
}
Event: 56.674 GC heap after
{Heap after GC invocations=34 (full 0):
 garbage-first heap   total reserved 4096000K, committed 315392K, used 133782K [0x0000000706000000, 0x0000000800000000)
  region size 2048K, 10 young (20480K), 10 survivors (20480K)
 Metaspace       used 72256K, committed 72768K, reserved 1114112K
  class space    used 8213K, committed 8448K, reserved 1048576K
}

